{
  "numFailedTestSuites": 0,
  "numFailedTests": 0,
  "numPassedTestSuites": 14,
  "numPassedTests": 137,
  "numPendingTestSuites": 0,
  "numPendingTests": 0,
  "numRuntimeErrorTestSuites": 0,
  "numTodoTests": 0,
  "numTotalTestSuites": 14,
  "numTotalTests": 137,
  "openHandles": [],
  "snapshot": {
    "added": 0,
    "didUpdate": false,
    "failure": false,
    "filesAdded": 0,
    "filesRemoved": 0,
    "filesRemovedList": [],
    "filesUnmatched": 0,
    "filesUpdated": 0,
    "matched": 0,
    "total": 0,
    "unchecked": 0,
    "uncheckedKeysByFile": [],
    "unmatched": 0,
    "updated": 0
  },
  "startTime": 1769949905605,
  "success": true,
  "testResults": [
    {
      "assertionResults": [
        {
          "ancestorTitles": ["AppService", "getHealth"],
          "duration": 11,
          "failureDetails": [],
          "failureMessages": [],
          "fullName": "AppService getHealth should return status ok",
          "invocations": 1,
          "location": null,
          "numPassingAsserts": 1,
          "retryReasons": [],
          "status": "passed",
          "title": "should return status ok"
        },
        {
          "ancestorTitles": ["AppService", "getHealth"],
          "duration": 1,
          "failureDetails": [],
          "failureMessages": [],
          "fullName": "AppService getHealth should return valid ISO timestamp",
          "invocations": 1,
          "location": null,
          "numPassingAsserts": 1,
          "retryReasons": [],
          "status": "passed",
          "title": "should return valid ISO timestamp"
        }
      ],
      "endTime": 1769949908685,
      "message": "",
      "name": "C:\\Users\\User\\OneDrive\\Desktop\\Dev\\store77-price-tracker\\apps\\api\\src\\app.service.spec.ts",
      "startTime": 1769949906639,
      "status": "passed",
      "summary": ""
    },
    {
      "assertionResults": [
        {
          "ancestorTitles": ["PrismaService"],
          "duration": 50,
          "failureDetails": [],
          "failureMessages": [],
          "fullName": "PrismaService should be defined",
          "invocations": 1,
          "location": null,
          "numPassingAsserts": 1,
          "retryReasons": [],
          "status": "passed",
          "title": "should be defined"
        },
        {
          "ancestorTitles": ["PrismaService"],
          "duration": 14,
          "failureDetails": [],
          "failureMessages": [],
          "fullName": "PrismaService should be instance of PrismaClient",
          "invocations": 1,
          "location": null,
          "numPassingAsserts": 1,
          "retryReasons": [],
          "status": "passed",
          "title": "should be instance of PrismaClient"
        },
        {
          "ancestorTitles": ["PrismaService"],
          "duration": 11,
          "failureDetails": [],
          "failureMessages": [],
          "fullName": "PrismaService should have $connect method",
          "invocations": 1,
          "location": null,
          "numPassingAsserts": 1,
          "retryReasons": [],
          "status": "passed",
          "title": "should have $connect method"
        },
        {
          "ancestorTitles": ["PrismaService"],
          "duration": 8,
          "failureDetails": [],
          "failureMessages": [],
          "fullName": "PrismaService should have $disconnect method",
          "invocations": 1,
          "location": null,
          "numPassingAsserts": 1,
          "retryReasons": [],
          "status": "passed",
          "title": "should have $disconnect method"
        },
        {
          "ancestorTitles": ["PrismaService"],
          "duration": 11,
          "failureDetails": [],
          "failureMessages": [],
          "fullName": "PrismaService should have onModuleInit lifecycle hook",
          "invocations": 1,
          "location": null,
          "numPassingAsserts": 1,
          "retryReasons": [],
          "status": "passed",
          "title": "should have onModuleInit lifecycle hook"
        },
        {
          "ancestorTitles": ["PrismaService"],
          "duration": 8,
          "failureDetails": [],
          "failureMessages": [],
          "fullName": "PrismaService should have onModuleDestroy lifecycle hook",
          "invocations": 1,
          "location": null,
          "numPassingAsserts": 1,
          "retryReasons": [],
          "status": "passed",
          "title": "should have onModuleDestroy lifecycle hook"
        }
      ],
      "endTime": 1769949909398,
      "message": "",
      "name": "C:\\Users\\User\\OneDrive\\Desktop\\Dev\\store77-price-tracker\\apps\\api\\src\\prisma\\prisma.service.spec.ts",
      "startTime": 1769949906662,
      "status": "passed",
      "summary": ""
    },
    {
      "assertionResults": [
        {
          "ancestorTitles": ["CategoriesService"],
          "duration": 36,
          "failureDetails": [],
          "failureMessages": [],
          "fullName": "CategoriesService should be defined",
          "invocations": 1,
          "location": null,
          "numPassingAsserts": 1,
          "retryReasons": [],
          "status": "passed",
          "title": "should be defined"
        },
        {
          "ancestorTitles": ["CategoriesService", "findAll"],
          "duration": 9,
          "failureDetails": [],
          "failureMessages": [],
          "fullName": "CategoriesService findAll should return all categories with product counts",
          "invocations": 1,
          "location": null,
          "numPassingAsserts": 6,
          "retryReasons": [],
          "status": "passed",
          "title": "should return all categories with product counts"
        },
        {
          "ancestorTitles": ["CategoriesService", "findAll"],
          "duration": 5,
          "failureDetails": [],
          "failureMessages": [],
          "fullName": "CategoriesService findAll should return empty list when no categories",
          "invocations": 1,
          "location": null,
          "numPassingAsserts": 2,
          "retryReasons": [],
          "status": "passed",
          "title": "should return empty list when no categories"
        },
        {
          "ancestorTitles": ["CategoriesService", "findTree"],
          "duration": 7,
          "failureDetails": [],
          "failureMessages": [],
          "fullName": "CategoriesService findTree should return hierarchical tree of categories",
          "invocations": 1,
          "location": null,
          "numPassingAsserts": 6,
          "retryReasons": [],
          "status": "passed",
          "title": "should return hierarchical tree of categories"
        },
        {
          "ancestorTitles": ["CategoriesService", "findTree"],
          "duration": 7,
          "failureDetails": [],
          "failureMessages": [],
          "fullName": "CategoriesService findTree should return empty tree when no root categories",
          "invocations": 1,
          "location": null,
          "numPassingAsserts": 2,
          "retryReasons": [],
          "status": "passed",
          "title": "should return empty tree when no root categories"
        },
        {
          "ancestorTitles": ["CategoriesService", "findBySlug"],
          "duration": 5,
          "failureDetails": [],
          "failureMessages": [],
          "fullName": "CategoriesService findBySlug should return category by slug",
          "invocations": 1,
          "location": null,
          "numPassingAsserts": 4,
          "retryReasons": [],
          "status": "passed",
          "title": "should return category by slug"
        },
        {
          "ancestorTitles": ["CategoriesService", "findBySlug"],
          "duration": 5,
          "failureDetails": [],
          "failureMessages": [],
          "fullName": "CategoriesService findBySlug should return null when category not found",
          "invocations": 1,
          "location": null,
          "numPassingAsserts": 1,
          "retryReasons": [],
          "status": "passed",
          "title": "should return null when category not found"
        },
        {
          "ancestorTitles": ["CategoriesService", "count"],
          "duration": 4,
          "failureDetails": [],
          "failureMessages": [],
          "fullName": "CategoriesService count should return total count of categories",
          "invocations": 1,
          "location": null,
          "numPassingAsserts": 1,
          "retryReasons": [],
          "status": "passed",
          "title": "should return total count of categories"
        }
      ],
      "endTime": 1769949909501,
      "message": "",
      "name": "C:\\Users\\User\\OneDrive\\Desktop\\Dev\\store77-price-tracker\\apps\\api\\src\\categories\\categories.service.spec.ts",
      "startTime": 1769949906639,
      "status": "passed",
      "summary": ""
    },
    {
      "assertionResults": [
        {
          "ancestorTitles": ["CacheService"],
          "duration": 35,
          "failureDetails": [],
          "failureMessages": [],
          "fullName": "CacheService should be defined",
          "invocations": 1,
          "location": null,
          "numPassingAsserts": 1,
          "retryReasons": [],
          "status": "passed",
          "title": "should be defined"
        },
        {
          "ancestorTitles": ["CacheService", "get"],
          "duration": 8,
          "failureDetails": [],
          "failureMessages": [],
          "fullName": "CacheService get should return cached value when found",
          "invocations": 1,
          "location": null,
          "numPassingAsserts": 2,
          "retryReasons": [],
          "status": "passed",
          "title": "should return cached value when found"
        },
        {
          "ancestorTitles": ["CacheService", "get"],
          "duration": 5,
          "failureDetails": [],
          "failureMessages": [],
          "fullName": "CacheService get should return undefined when not found",
          "invocations": 1,
          "location": null,
          "numPassingAsserts": 1,
          "retryReasons": [],
          "status": "passed",
          "title": "should return undefined when not found"
        },
        {
          "ancestorTitles": ["CacheService", "get"],
          "duration": 7,
          "failureDetails": [],
          "failureMessages": [],
          "fullName": "CacheService get should return undefined on error",
          "invocations": 1,
          "location": null,
          "numPassingAsserts": 1,
          "retryReasons": [],
          "status": "passed",
          "title": "should return undefined on error"
        },
        {
          "ancestorTitles": ["CacheService", "set"],
          "duration": 6,
          "failureDetails": [],
          "failureMessages": [],
          "fullName": "CacheService set should set value in cache",
          "invocations": 1,
          "location": null,
          "numPassingAsserts": 1,
          "retryReasons": [],
          "status": "passed",
          "title": "should set value in cache"
        },
        {
          "ancestorTitles": ["CacheService", "set"],
          "duration": 4,
          "failureDetails": [],
          "failureMessages": [],
          "fullName": "CacheService set should set value with TTL",
          "invocations": 1,
          "location": null,
          "numPassingAsserts": 1,
          "retryReasons": [],
          "status": "passed",
          "title": "should set value with TTL"
        },
        {
          "ancestorTitles": ["CacheService", "set"],
          "duration": 4,
          "failureDetails": [],
          "failureMessages": [],
          "fullName": "CacheService set should not throw on error",
          "invocations": 1,
          "location": null,
          "numPassingAsserts": 1,
          "retryReasons": [],
          "status": "passed",
          "title": "should not throw on error"
        },
        {
          "ancestorTitles": ["CacheService", "del"],
          "duration": 4,
          "failureDetails": [],
          "failureMessages": [],
          "fullName": "CacheService del should delete key from cache",
          "invocations": 1,
          "location": null,
          "numPassingAsserts": 1,
          "retryReasons": [],
          "status": "passed",
          "title": "should delete key from cache"
        },
        {
          "ancestorTitles": ["CacheService", "del"],
          "duration": 5,
          "failureDetails": [],
          "failureMessages": [],
          "fullName": "CacheService del should not throw on error",
          "invocations": 1,
          "location": null,
          "numPassingAsserts": 1,
          "retryReasons": [],
          "status": "passed",
          "title": "should not throw on error"
        },
        {
          "ancestorTitles": ["CacheService", "reset"],
          "duration": 8,
          "failureDetails": [],
          "failureMessages": [],
          "fullName": "CacheService reset should clear all cache",
          "invocations": 1,
          "location": null,
          "numPassingAsserts": 1,
          "retryReasons": [],
          "status": "passed",
          "title": "should clear all cache"
        },
        {
          "ancestorTitles": ["CacheService", "reset"],
          "duration": 6,
          "failureDetails": [],
          "failureMessages": [],
          "fullName": "CacheService reset should not throw on error",
          "invocations": 1,
          "location": null,
          "numPassingAsserts": 1,
          "retryReasons": [],
          "status": "passed",
          "title": "should not throw on error"
        },
        {
          "ancestorTitles": ["CacheService", "getOrSet"],
          "duration": 4,
          "failureDetails": [],
          "failureMessages": [],
          "fullName": "CacheService getOrSet should return cached value if exists",
          "invocations": 1,
          "location": null,
          "numPassingAsserts": 2,
          "retryReasons": [],
          "status": "passed",
          "title": "should return cached value if exists"
        },
        {
          "ancestorTitles": ["CacheService", "getOrSet"],
          "duration": 5,
          "failureDetails": [],
          "failureMessages": [],
          "fullName": "CacheService getOrSet should call factory and cache result if not cached",
          "invocations": 1,
          "location": null,
          "numPassingAsserts": 3,
          "retryReasons": [],
          "status": "passed",
          "title": "should call factory and cache result if not cached"
        }
      ],
      "endTime": 1769949909505,
      "message": "",
      "name": "C:\\Users\\User\\OneDrive\\Desktop\\Dev\\store77-price-tracker\\apps\\api\\src\\cache\\cache.service.spec.ts",
      "startTime": 1769949906654,
      "status": "passed",
      "summary": ""
    },
    {
      "assertionResults": [
        {
          "ancestorTitles": ["AppController", "getHealth"],
          "duration": 36,
          "failureDetails": [],
          "failureMessages": [],
          "fullName": "AppController getHealth should return health status",
          "invocations": 1,
          "location": null,
          "numPassingAsserts": 3,
          "retryReasons": [],
          "status": "passed",
          "title": "should return health status"
        }
      ],
      "endTime": 1769949909553,
      "message": "",
      "name": "C:\\Users\\User\\OneDrive\\Desktop\\Dev\\store77-price-tracker\\apps\\api\\src\\app.controller.spec.ts",
      "startTime": 1769949906639,
      "status": "passed",
      "summary": ""
    },
    {
      "assertionResults": [
        {
          "ancestorTitles": ["CategoriesController"],
          "duration": 44,
          "failureDetails": [],
          "failureMessages": [],
          "fullName": "CategoriesController should be defined",
          "invocations": 1,
          "location": null,
          "numPassingAsserts": 1,
          "retryReasons": [],
          "status": "passed",
          "title": "should be defined"
        },
        {
          "ancestorTitles": ["CategoriesController", "findAll"],
          "duration": 10,
          "failureDetails": [],
          "failureMessages": [],
          "fullName": "CategoriesController findAll should return flat list of categories by default",
          "invocations": 1,
          "location": null,
          "numPassingAsserts": 3,
          "retryReasons": [],
          "status": "passed",
          "title": "should return flat list of categories by default"
        },
        {
          "ancestorTitles": ["CategoriesController", "findAll"],
          "duration": 5,
          "failureDetails": [],
          "failureMessages": [],
          "fullName": "CategoriesController findAll should return tree when tree=true",
          "invocations": 1,
          "location": null,
          "numPassingAsserts": 3,
          "retryReasons": [],
          "status": "passed",
          "title": "should return tree when tree=true"
        },
        {
          "ancestorTitles": ["CategoriesController", "findAll"],
          "duration": 5,
          "failureDetails": [],
          "failureMessages": [],
          "fullName": "CategoriesController findAll should return flat list when tree=false",
          "invocations": 1,
          "location": null,
          "numPassingAsserts": 2,
          "retryReasons": [],
          "status": "passed",
          "title": "should return flat list when tree=false"
        }
      ],
      "endTime": 1769949909760,
      "message": "",
      "name": "C:\\Users\\User\\OneDrive\\Desktop\\Dev\\store77-price-tracker\\apps\\api\\src\\categories\\categories.controller.spec.ts",
      "startTime": 1769949906611,
      "status": "passed",
      "summary": ""
    },
    {
      "assertionResults": [
        {
          "ancestorTitles": ["CurrencyService"],
          "duration": 36,
          "failureDetails": [],
          "failureMessages": [],
          "fullName": "CurrencyService should be defined",
          "invocations": 1,
          "location": null,
          "numPassingAsserts": 1,
          "retryReasons": [],
          "status": "passed",
          "title": "should be defined"
        },
        {
          "ancestorTitles": ["CurrencyService", "calculateRate"],
          "duration": 5,
          "failureDetails": [],
          "failureMessages": [],
          "fullName": "CurrencyService calculateRate should subtract 0.10 from bid price",
          "invocations": 1,
          "location": null,
          "numPassingAsserts": 1,
          "retryReasons": [],
          "status": "passed",
          "title": "should subtract 0.10 from bid price"
        },
        {
          "ancestorTitles": ["CurrencyService", "calculateRate"],
          "duration": 4,
          "failureDetails": [],
          "failureMessages": [],
          "fullName": "CurrencyService calculateRate should handle decimal precision correctly",
          "invocations": 1,
          "location": null,
          "numPassingAsserts": 1,
          "retryReasons": [],
          "status": "passed",
          "title": "should handle decimal precision correctly"
        },
        {
          "ancestorTitles": ["CurrencyService", "calculateRate"],
          "duration": 5,
          "failureDetails": [],
          "failureMessages": [],
          "fullName": "CurrencyService calculateRate should round to 2 decimal places",
          "invocations": 1,
          "location": null,
          "numPassingAsserts": 1,
          "retryReasons": [],
          "status": "passed",
          "title": "should round to 2 decimal places"
        },
        {
          "ancestorTitles": ["CurrencyService", "calculateRate"],
          "duration": 4,
          "failureDetails": [],
          "failureMessages": [],
          "fullName": "CurrencyService calculateRate should handle low bid price",
          "invocations": 1,
          "location": null,
          "numPassingAsserts": 1,
          "retryReasons": [],
          "status": "passed",
          "title": "should handle low bid price"
        },
        {
          "ancestorTitles": ["CurrencyService", "fetchExchangeRate"],
          "duration": 7,
          "failureDetails": [],
          "failureMessages": [],
          "fullName": "CurrencyService fetchExchangeRate should fetch and return exchange rate from Grinex API",
          "invocations": 1,
          "location": null,
          "numPassingAsserts": 4,
          "retryReasons": [],
          "status": "passed",
          "title": "should fetch and return exchange rate from Grinex API"
        },
        {
          "ancestorTitles": ["CurrencyService", "fetchExchangeRate"],
          "duration": 24,
          "failureDetails": [],
          "failureMessages": [],
          "fullName": "CurrencyService fetchExchangeRate should throw error when no bids available",
          "invocations": 1,
          "location": null,
          "numPassingAsserts": 1,
          "retryReasons": [],
          "status": "passed",
          "title": "should throw error when no bids available"
        },
        {
          "ancestorTitles": ["CurrencyService", "fetchExchangeRate"],
          "duration": 5,
          "failureDetails": [],
          "failureMessages": [],
          "fullName": "CurrencyService fetchExchangeRate should throw error when bids is undefined",
          "invocations": 1,
          "location": null,
          "numPassingAsserts": 1,
          "retryReasons": [],
          "status": "passed",
          "title": "should throw error when bids is undefined"
        },
        {
          "ancestorTitles": ["CurrencyService", "fetchExchangeRate"],
          "duration": 5,
          "failureDetails": [],
          "failureMessages": [],
          "fullName": "CurrencyService fetchExchangeRate should throw error when bid price is invalid",
          "invocations": 1,
          "location": null,
          "numPassingAsserts": 1,
          "retryReasons": [],
          "status": "passed",
          "title": "should throw error when bid price is invalid"
        },
        {
          "ancestorTitles": ["CurrencyService", "fetchExchangeRate"],
          "duration": 5,
          "failureDetails": [],
          "failureMessages": [],
          "fullName": "CurrencyService fetchExchangeRate should throw error when API request fails",
          "invocations": 1,
          "location": null,
          "numPassingAsserts": 1,
          "retryReasons": [],
          "status": "passed",
          "title": "should throw error when API request fails"
        },
        {
          "ancestorTitles": ["CurrencyService", "getCurrentRate"],
          "duration": 4,
          "failureDetails": [],
          "failureMessages": [],
          "fullName": "CurrencyService getCurrentRate should return cached rate if available",
          "invocations": 1,
          "location": null,
          "numPassingAsserts": 3,
          "retryReasons": [],
          "status": "passed",
          "title": "should return cached rate if available"
        },
        {
          "ancestorTitles": ["CurrencyService", "getCurrentRate"],
          "duration": 8,
          "failureDetails": [],
          "failureMessages": [],
          "fullName": "CurrencyService getCurrentRate should fetch from API when cache is empty",
          "invocations": 1,
          "location": null,
          "numPassingAsserts": 3,
          "retryReasons": [],
          "status": "passed",
          "title": "should fetch from API when cache is empty"
        },
        {
          "ancestorTitles": ["CurrencyService", "getCurrentRate"],
          "duration": 4,
          "failureDetails": [],
          "failureMessages": [],
          "fullName": "CurrencyService getCurrentRate should throw error when API fails and cache is empty",
          "invocations": 1,
          "location": null,
          "numPassingAsserts": 1,
          "retryReasons": [],
          "status": "passed",
          "title": "should throw error when API fails and cache is empty"
        },
        {
          "ancestorTitles": ["CurrencyService", "convertToUsd"],
          "duration": 3,
          "failureDetails": [],
          "failureMessages": [],
          "fullName": "CurrencyService convertToUsd should convert RUB (kopecks) to USD (cents)",
          "invocations": 1,
          "location": null,
          "numPassingAsserts": 1,
          "retryReasons": [],
          "status": "passed",
          "title": "should convert RUB (kopecks) to USD (cents)"
        },
        {
          "ancestorTitles": ["CurrencyService", "convertToUsd"],
          "duration": 3,
          "failureDetails": [],
          "failureMessages": [],
          "fullName": "CurrencyService convertToUsd should handle larger amounts",
          "invocations": 1,
          "location": null,
          "numPassingAsserts": 1,
          "retryReasons": [],
          "status": "passed",
          "title": "should handle larger amounts"
        },
        {
          "ancestorTitles": ["CurrencyService", "convertToUsd"],
          "duration": 2,
          "failureDetails": [],
          "failureMessages": [],
          "fullName": "CurrencyService convertToUsd should round to nearest cent",
          "invocations": 1,
          "location": null,
          "numPassingAsserts": 1,
          "retryReasons": [],
          "status": "passed",
          "title": "should round to nearest cent"
        },
        {
          "ancestorTitles": ["CurrencyService", "convertToUsd"],
          "duration": 7,
          "failureDetails": [],
          "failureMessages": [],
          "fullName": "CurrencyService convertToUsd should throw error for zero rate",
          "invocations": 1,
          "location": null,
          "numPassingAsserts": 1,
          "retryReasons": [],
          "status": "passed",
          "title": "should throw error for zero rate"
        },
        {
          "ancestorTitles": ["CurrencyService", "convertToUsd"],
          "duration": 4,
          "failureDetails": [],
          "failureMessages": [],
          "fullName": "CurrencyService convertToUsd should throw error for negative rate",
          "invocations": 1,
          "location": null,
          "numPassingAsserts": 1,
          "retryReasons": [],
          "status": "passed",
          "title": "should throw error for negative rate"
        },
        {
          "ancestorTitles": ["CurrencyService", "refreshRate"],
          "duration": 4,
          "failureDetails": [],
          "failureMessages": [],
          "fullName": "CurrencyService refreshRate should bypass cache and fetch fresh rate",
          "invocations": 1,
          "location": null,
          "numPassingAsserts": 4,
          "retryReasons": [],
          "status": "passed",
          "title": "should bypass cache and fetch fresh rate"
        }
      ],
      "endTime": 1769949910243,
      "message": "",
      "name": "C:\\Users\\User\\OneDrive\\Desktop\\Dev\\store77-price-tracker\\apps\\api\\src\\currency\\currency.service.spec.ts",
      "startTime": 1769949906654,
      "status": "passed",
      "summary": ""
    },
    {
      "assertionResults": [
        {
          "ancestorTitles": ["ProductsService"],
          "duration": 21,
          "failureDetails": [],
          "failureMessages": [],
          "fullName": "ProductsService should be defined",
          "invocations": 1,
          "location": null,
          "numPassingAsserts": 1,
          "retryReasons": [],
          "status": "passed",
          "title": "should be defined"
        },
        {
          "ancestorTitles": ["ProductsService", "findAll"],
          "duration": 6,
          "failureDetails": [],
          "failureMessages": [],
          "fullName": "ProductsService findAll should return paginated products with USD prices",
          "invocations": 1,
          "location": null,
          "numPassingAsserts": 7,
          "retryReasons": [],
          "status": "passed",
          "title": "should return paginated products with USD prices"
        },
        {
          "ancestorTitles": ["ProductsService", "findAll"],
          "duration": 7,
          "failureDetails": [],
          "failureMessages": [],
          "fullName": "ProductsService findAll should handle pagination correctly",
          "invocations": 1,
          "location": null,
          "numPassingAsserts": 5,
          "retryReasons": [],
          "status": "passed",
          "title": "should handle pagination correctly"
        },
        {
          "ancestorTitles": ["ProductsService", "findAll"],
          "duration": 4,
          "failureDetails": [],
          "failureMessages": [],
          "fullName": "ProductsService findAll should filter by category",
          "invocations": 1,
          "location": null,
          "numPassingAsserts": 1,
          "retryReasons": [],
          "status": "passed",
          "title": "should filter by category"
        },
        {
          "ancestorTitles": ["ProductsService", "findAll"],
          "duration": 6,
          "failureDetails": [],
          "failureMessages": [],
          "fullName": "ProductsService findAll should filter by search term",
          "invocations": 1,
          "location": null,
          "numPassingAsserts": 1,
          "retryReasons": [],
          "status": "passed",
          "title": "should filter by search term"
        },
        {
          "ancestorTitles": ["ProductsService", "findAll"],
          "duration": 4,
          "failureDetails": [],
          "failureMessages": [],
          "fullName": "ProductsService findAll should return null USD prices when exchange rate unavailable",
          "invocations": 1,
          "location": null,
          "numPassingAsserts": 2,
          "retryReasons": [],
          "status": "passed",
          "title": "should return null USD prices when exchange rate unavailable"
        },
        {
          "ancestorTitles": ["ProductsService", "findOne"],
          "duration": 3,
          "failureDetails": [],
          "failureMessages": [],
          "fullName": "ProductsService findOne should return product by ID with USD price",
          "invocations": 1,
          "location": null,
          "numPassingAsserts": 6,
          "retryReasons": [],
          "status": "passed",
          "title": "should return product by ID with USD price"
        },
        {
          "ancestorTitles": ["ProductsService", "findOne"],
          "duration": 23,
          "failureDetails": [],
          "failureMessages": [],
          "fullName": "ProductsService findOne should throw NotFoundException when product not found",
          "invocations": 1,
          "location": null,
          "numPassingAsserts": 1,
          "retryReasons": [],
          "status": "passed",
          "title": "should throw NotFoundException when product not found"
        },
        {
          "ancestorTitles": ["ProductsService", "findOne"],
          "duration": 5,
          "failureDetails": [],
          "failureMessages": [],
          "fullName": "ProductsService findOne should return null USD price when exchange rate unavailable",
          "invocations": 1,
          "location": null,
          "numPassingAsserts": 1,
          "retryReasons": [],
          "status": "passed",
          "title": "should return null USD price when exchange rate unavailable"
        },
        {
          "ancestorTitles": ["ProductsService", "findBySlug"],
          "duration": 5,
          "failureDetails": [],
          "failureMessages": [],
          "fullName": "ProductsService findBySlug should return product by slug",
          "invocations": 1,
          "location": null,
          "numPassingAsserts": 2,
          "retryReasons": [],
          "status": "passed",
          "title": "should return product by slug"
        },
        {
          "ancestorTitles": ["ProductsService", "findBySlug"],
          "duration": 4,
          "failureDetails": [],
          "failureMessages": [],
          "fullName": "ProductsService findBySlug should throw NotFoundException when product not found by slug",
          "invocations": 1,
          "location": null,
          "numPassingAsserts": 1,
          "retryReasons": [],
          "status": "passed",
          "title": "should throw NotFoundException when product not found by slug"
        },
        {
          "ancestorTitles": ["ProductsService", "count"],
          "duration": 4,
          "failureDetails": [],
          "failureMessages": [],
          "fullName": "ProductsService count should return total count of active products",
          "invocations": 1,
          "location": null,
          "numPassingAsserts": 2,
          "retryReasons": [],
          "status": "passed",
          "title": "should return total count of active products"
        },
        {
          "ancestorTitles": ["ProductsService", "price conversion"],
          "duration": 3,
          "failureDetails": [],
          "failureMessages": [],
          "fullName": "ProductsService price conversion should correctly convert kopecks to rubles",
          "invocations": 1,
          "location": null,
          "numPassingAsserts": 2,
          "retryReasons": [],
          "status": "passed",
          "title": "should correctly convert kopecks to rubles"
        },
        {
          "ancestorTitles": ["ProductsService", "price conversion"],
          "duration": 8,
          "failureDetails": [],
          "failureMessages": [],
          "fullName": "ProductsService price conversion should round USD price to 2 decimal places",
          "invocations": 1,
          "location": null,
          "numPassingAsserts": 1,
          "retryReasons": [],
          "status": "passed",
          "title": "should round USD price to 2 decimal places"
        }
      ],
      "endTime": 1769949910564,
      "message": "",
      "name": "C:\\Users\\User\\OneDrive\\Desktop\\Dev\\store77-price-tracker\\apps\\api\\src\\products\\products.service.spec.ts",
      "startTime": 1769949906612,
      "status": "passed",
      "summary": ""
    },
    {
      "assertionResults": [
        {
          "ancestorTitles": ["Categories API Integration", "GET /categories"],
          "duration": 81,
          "failureDetails": [],
          "failureMessages": [],
          "fullName": "Categories API Integration GET /categories should return flat list of categories",
          "invocations": 1,
          "location": null,
          "numPassingAsserts": 5,
          "retryReasons": [],
          "status": "passed",
          "title": "should return flat list of categories"
        },
        {
          "ancestorTitles": ["Categories API Integration", "GET /categories"],
          "duration": 12,
          "failureDetails": [],
          "failureMessages": [],
          "fullName": "Categories API Integration GET /categories should return correct category structure",
          "invocations": 1,
          "location": null,
          "numPassingAsserts": 7,
          "retryReasons": [],
          "status": "passed",
          "title": "should return correct category structure"
        },
        {
          "ancestorTitles": ["Categories API Integration", "GET /categories"],
          "duration": 10,
          "failureDetails": [],
          "failureMessages": [],
          "fullName": "Categories API Integration GET /categories should include product counts",
          "invocations": 1,
          "location": null,
          "numPassingAsserts": 1,
          "retryReasons": [],
          "status": "passed",
          "title": "should include product counts"
        },
        {
          "ancestorTitles": ["Categories API Integration", "GET /categories?tree=true"],
          "duration": 12,
          "failureDetails": [],
          "failureMessages": [],
          "fullName": "Categories API Integration GET /categories?tree=true should return hierarchical tree of categories",
          "invocations": 1,
          "location": null,
          "numPassingAsserts": 4,
          "retryReasons": [],
          "status": "passed",
          "title": "should return hierarchical tree of categories"
        },
        {
          "ancestorTitles": ["Categories API Integration", "GET /categories?tree=true"],
          "duration": 9,
          "failureDetails": [],
          "failureMessages": [],
          "fullName": "Categories API Integration GET /categories?tree=true should include children in tree response",
          "invocations": 1,
          "location": null,
          "numPassingAsserts": 4,
          "retryReasons": [],
          "status": "passed",
          "title": "should include children in tree response"
        },
        {
          "ancestorTitles": ["Categories API Integration", "GET /categories?tree=true"],
          "duration": 10,
          "failureDetails": [],
          "failureMessages": [],
          "fullName": "Categories API Integration GET /categories?tree=true should return empty children array for categories without subcategories",
          "invocations": 1,
          "location": null,
          "numPassingAsserts": 1,
          "retryReasons": [],
          "status": "passed",
          "title": "should return empty children array for categories without subcategories"
        },
        {
          "ancestorTitles": ["Categories API Integration", "GET /categories?tree=true"],
          "duration": 10,
          "failureDetails": [],
          "failureMessages": [],
          "fullName": "Categories API Integration GET /categories?tree=true should count only root categories in total",
          "invocations": 1,
          "location": null,
          "numPassingAsserts": 1,
          "retryReasons": [],
          "status": "passed",
          "title": "should count only root categories in total"
        },
        {
          "ancestorTitles": ["Categories API Integration", "Response format"],
          "duration": 10,
          "failureDetails": [],
          "failureMessages": [],
          "fullName": "Categories API Integration Response format should return proper JSON content-type",
          "invocations": 1,
          "location": null,
          "numPassingAsserts": 1,
          "retryReasons": [],
          "status": "passed",
          "title": "should return proper JSON content-type"
        },
        {
          "ancestorTitles": ["Categories API Integration", "Response format"],
          "duration": 14,
          "failureDetails": [],
          "failureMessages": [],
          "fullName": "Categories API Integration Response format should convert dates to ISO strings",
          "invocations": 1,
          "location": null,
          "numPassingAsserts": 2,
          "retryReasons": [],
          "status": "passed",
          "title": "should convert dates to ISO strings"
        }
      ],
      "endTime": 1769949910731,
      "message": "",
      "name": "C:\\Users\\User\\OneDrive\\Desktop\\Dev\\store77-price-tracker\\apps\\api\\src\\categories\\categories.integration.spec.ts",
      "startTime": 1769949906656,
      "status": "passed",
      "summary": ""
    },
    {
      "assertionResults": [
        {
          "ancestorTitles": ["ProductsController"],
          "duration": 29,
          "failureDetails": [],
          "failureMessages": [],
          "fullName": "ProductsController should be defined",
          "invocations": 1,
          "location": null,
          "numPassingAsserts": 1,
          "retryReasons": [],
          "status": "passed",
          "title": "should be defined"
        },
        {
          "ancestorTitles": ["ProductsController", "findAll"],
          "duration": 6,
          "failureDetails": [],
          "failureMessages": [],
          "fullName": "ProductsController findAll should return paginated products",
          "invocations": 1,
          "location": null,
          "numPassingAsserts": 2,
          "retryReasons": [],
          "status": "passed",
          "title": "should return paginated products"
        },
        {
          "ancestorTitles": ["ProductsController", "findAll"],
          "duration": 4,
          "failureDetails": [],
          "failureMessages": [],
          "fullName": "ProductsController findAll should pass query parameters to service",
          "invocations": 1,
          "location": null,
          "numPassingAsserts": 1,
          "retryReasons": [],
          "status": "passed",
          "title": "should pass query parameters to service"
        },
        {
          "ancestorTitles": ["ProductsController", "findOne"],
          "duration": 4,
          "failureDetails": [],
          "failureMessages": [],
          "fullName": "ProductsController findOne should return single product",
          "invocations": 1,
          "location": null,
          "numPassingAsserts": 2,
          "retryReasons": [],
          "status": "passed",
          "title": "should return single product"
        }
      ],
      "endTime": 1769949911230,
      "message": "",
      "name": "C:\\Users\\User\\OneDrive\\Desktop\\Dev\\store77-price-tracker\\apps\\api\\src\\products\\products.controller.spec.ts",
      "startTime": 1769949906655,
      "status": "passed",
      "summary": ""
    },
    {
      "assertionResults": [
        {
          "ancestorTitles": ["ScraperService"],
          "duration": 24,
          "failureDetails": [],
          "failureMessages": [],
          "fullName": "ScraperService should be defined",
          "invocations": 1,
          "location": null,
          "numPassingAsserts": 1,
          "retryReasons": [],
          "status": "passed",
          "title": "should be defined"
        },
        {
          "ancestorTitles": ["ScraperService", "calculateFinalPrice"],
          "duration": 3,
          "failureDetails": [],
          "failureMessages": [],
          "fullName": "ScraperService calculateFinalPrice should subtract 1000 rubles (100000 kopecks) from original price",
          "invocations": 1,
          "location": null,
          "numPassingAsserts": 1,
          "retryReasons": [],
          "status": "passed",
          "title": "should subtract 1000 rubles (100000 kopecks) from original price"
        },
        {
          "ancestorTitles": ["ScraperService", "calculateFinalPrice"],
          "duration": 3,
          "failureDetails": [],
          "failureMessages": [],
          "fullName": "ScraperService calculateFinalPrice should return 0 if result would be negative",
          "invocations": 1,
          "location": null,
          "numPassingAsserts": 1,
          "retryReasons": [],
          "status": "passed",
          "title": "should return 0 if result would be negative"
        },
        {
          "ancestorTitles": ["ScraperService", "calculateFinalPrice"],
          "duration": 4,
          "failureDetails": [],
          "failureMessages": [],
          "fullName": "ScraperService calculateFinalPrice should handle exact 1000 rubles correctly",
          "invocations": 1,
          "location": null,
          "numPassingAsserts": 1,
          "retryReasons": [],
          "status": "passed",
          "title": "should handle exact 1000 rubles correctly"
        },
        {
          "ancestorTitles": ["ScraperService", "calculateFinalPrice"],
          "duration": 6,
          "failureDetails": [],
          "failureMessages": [],
          "fullName": "ScraperService calculateFinalPrice should handle large prices correctly",
          "invocations": 1,
          "location": null,
          "numPassingAsserts": 1,
          "retryReasons": [],
          "status": "passed",
          "title": "should handle large prices correctly"
        },
        {
          "ancestorTitles": ["ScraperService", "parsePriceToKopecks"],
          "duration": 4,
          "failureDetails": [],
          "failureMessages": [],
          "fullName": "ScraperService parsePriceToKopecks should parse simple integer price",
          "invocations": 1,
          "location": null,
          "numPassingAsserts": 1,
          "retryReasons": [],
          "status": "passed",
          "title": "should parse simple integer price"
        },
        {
          "ancestorTitles": ["ScraperService", "parsePriceToKopecks"],
          "duration": 3,
          "failureDetails": [],
          "failureMessages": [],
          "fullName": "ScraperService parsePriceToKopecks should parse price with currency symbol",
          "invocations": 1,
          "location": null,
          "numPassingAsserts": 1,
          "retryReasons": [],
          "status": "passed",
          "title": "should parse price with currency symbol"
        },
        {
          "ancestorTitles": ["ScraperService", "parsePriceToKopecks"],
          "duration": 3,
          "failureDetails": [],
          "failureMessages": [],
          "fullName": "ScraperService parsePriceToKopecks should parse price with spaces as thousand separators",
          "invocations": 1,
          "location": null,
          "numPassingAsserts": 1,
          "retryReasons": [],
          "status": "passed",
          "title": "should parse price with spaces as thousand separators"
        },
        {
          "ancestorTitles": ["ScraperService", "parsePriceToKopecks"],
          "duration": 4,
          "failureDetails": [],
          "failureMessages": [],
          "fullName": "ScraperService parsePriceToKopecks should parse price with decimal point",
          "invocations": 1,
          "location": null,
          "numPassingAsserts": 1,
          "retryReasons": [],
          "status": "passed",
          "title": "should parse price with decimal point"
        },
        {
          "ancestorTitles": ["ScraperService", "parsePriceToKopecks"],
          "duration": 3,
          "failureDetails": [],
          "failureMessages": [],
          "fullName": "ScraperService parsePriceToKopecks should parse price with comma as decimal separator",
          "invocations": 1,
          "location": null,
          "numPassingAsserts": 1,
          "retryReasons": [],
          "status": "passed",
          "title": "should parse price with comma as decimal separator"
        },
        {
          "ancestorTitles": ["ScraperService", "parsePriceToKopecks"],
          "duration": 3,
          "failureDetails": [],
          "failureMessages": [],
          "fullName": "ScraperService parsePriceToKopecks should return 0 for invalid price",
          "invocations": 1,
          "location": null,
          "numPassingAsserts": 1,
          "retryReasons": [],
          "status": "passed",
          "title": "should return 0 for invalid price"
        },
        {
          "ancestorTitles": ["ScraperService", "parsePriceToKopecks"],
          "duration": 2,
          "failureDetails": [],
          "failureMessages": [],
          "fullName": "ScraperService parsePriceToKopecks should handle price with \"руб\" text",
          "invocations": 1,
          "location": null,
          "numPassingAsserts": 1,
          "retryReasons": [],
          "status": "passed",
          "title": "should handle price with \"руб\" text"
        },
        {
          "ancestorTitles": ["ScraperService", "generateSlug"],
          "duration": 3,
          "failureDetails": [],
          "failureMessages": [],
          "fullName": "ScraperService generateSlug should convert text to lowercase slug",
          "invocations": 1,
          "location": null,
          "numPassingAsserts": 1,
          "retryReasons": [],
          "status": "passed",
          "title": "should convert text to lowercase slug"
        },
        {
          "ancestorTitles": ["ScraperService", "generateSlug"],
          "duration": 3,
          "failureDetails": [],
          "failureMessages": [],
          "fullName": "ScraperService generateSlug should handle Russian text",
          "invocations": 1,
          "location": null,
          "numPassingAsserts": 1,
          "retryReasons": [],
          "status": "passed",
          "title": "should handle Russian text"
        },
        {
          "ancestorTitles": ["ScraperService", "generateSlug"],
          "duration": 3,
          "failureDetails": [],
          "failureMessages": [],
          "fullName": "ScraperService generateSlug should remove special characters",
          "invocations": 1,
          "location": null,
          "numPassingAsserts": 1,
          "retryReasons": [],
          "status": "passed",
          "title": "should remove special characters"
        },
        {
          "ancestorTitles": ["ScraperService", "generateSlug"],
          "duration": 2,
          "failureDetails": [],
          "failureMessages": [],
          "fullName": "ScraperService generateSlug should handle multiple spaces and hyphens",
          "invocations": 1,
          "location": null,
          "numPassingAsserts": 1,
          "retryReasons": [],
          "status": "passed",
          "title": "should handle multiple spaces and hyphens"
        },
        {
          "ancestorTitles": ["ScraperService", "generateSlug"],
          "duration": 1,
          "failureDetails": [],
          "failureMessages": [],
          "fullName": "ScraperService generateSlug should trim leading and trailing hyphens",
          "invocations": 1,
          "location": null,
          "numPassingAsserts": 1,
          "retryReasons": [],
          "status": "passed",
          "title": "should trim leading and trailing hyphens"
        },
        {
          "ancestorTitles": ["ScraperService", "toAbsoluteUrl"],
          "duration": 1,
          "failureDetails": [],
          "failureMessages": [],
          "fullName": "ScraperService toAbsoluteUrl should return absolute URL unchanged",
          "invocations": 1,
          "location": null,
          "numPassingAsserts": 1,
          "retryReasons": [],
          "status": "passed",
          "title": "should return absolute URL unchanged"
        },
        {
          "ancestorTitles": ["ScraperService", "toAbsoluteUrl"],
          "duration": 2,
          "failureDetails": [],
          "failureMessages": [],
          "fullName": "ScraperService toAbsoluteUrl should convert relative URL starting with /",
          "invocations": 1,
          "location": null,
          "numPassingAsserts": 1,
          "retryReasons": [],
          "status": "passed",
          "title": "should convert relative URL starting with /"
        },
        {
          "ancestorTitles": ["ScraperService", "toAbsoluteUrl"],
          "duration": 2,
          "failureDetails": [],
          "failureMessages": [],
          "fullName": "ScraperService toAbsoluteUrl should convert relative URL without leading /",
          "invocations": 1,
          "location": null,
          "numPassingAsserts": 1,
          "retryReasons": [],
          "status": "passed",
          "title": "should convert relative URL without leading /"
        },
        {
          "ancestorTitles": ["ScraperService", "extractExternalId"],
          "duration": 3,
          "failureDetails": [],
          "failureMessages": [],
          "fullName": "ScraperService extractExternalId should extract ID from /product/12345 pattern",
          "invocations": 1,
          "location": null,
          "numPassingAsserts": 1,
          "retryReasons": [],
          "status": "passed",
          "title": "should extract ID from /product/12345 pattern"
        },
        {
          "ancestorTitles": ["ScraperService", "extractExternalId"],
          "duration": 2,
          "failureDetails": [],
          "failureMessages": [],
          "fullName": "ScraperService extractExternalId should extract ID from URL with trailing number",
          "invocations": 1,
          "location": null,
          "numPassingAsserts": 1,
          "retryReasons": [],
          "status": "passed",
          "title": "should extract ID from URL with trailing number"
        },
        {
          "ancestorTitles": ["ScraperService", "extractExternalId"],
          "duration": 2,
          "failureDetails": [],
          "failureMessages": [],
          "fullName": "ScraperService extractExternalId should extract ID from query parameter",
          "invocations": 1,
          "location": null,
          "numPassingAsserts": 1,
          "retryReasons": [],
          "status": "passed",
          "title": "should extract ID from query parameter"
        },
        {
          "ancestorTitles": ["ScraperService", "extractExternalId"],
          "duration": 2,
          "failureDetails": [],
          "failureMessages": [],
          "fullName": "ScraperService extractExternalId should return null for URL without ID pattern",
          "invocations": 1,
          "location": null,
          "numPassingAsserts": 1,
          "retryReasons": [],
          "status": "passed",
          "title": "should return null for URL without ID pattern"
        },
        {
          "ancestorTitles": ["ScraperService", "fetchPage"],
          "duration": 5,
          "failureDetails": [],
          "failureMessages": [],
          "fullName": "ScraperService fetchPage should fetch HTML content successfully",
          "invocations": 1,
          "location": null,
          "numPassingAsserts": 2,
          "retryReasons": [],
          "status": "passed",
          "title": "should fetch HTML content successfully"
        },
        {
          "ancestorTitles": ["ScraperService", "fetchPage"],
          "duration": 21,
          "failureDetails": [],
          "failureMessages": [],
          "fullName": "ScraperService fetchPage should throw error on fetch failure",
          "invocations": 1,
          "location": null,
          "numPassingAsserts": 1,
          "retryReasons": [],
          "status": "passed",
          "title": "should throw error on fetch failure"
        },
        {
          "ancestorTitles": ["ScraperService", "loadHtml"],
          "duration": 11,
          "failureDetails": [],
          "failureMessages": [],
          "fullName": "ScraperService loadHtml should load HTML into Cheerio instance",
          "invocations": 1,
          "location": null,
          "numPassingAsserts": 1,
          "retryReasons": [],
          "status": "passed",
          "title": "should load HTML into Cheerio instance"
        },
        {
          "ancestorTitles": ["ScraperService", "loadHtml"],
          "duration": 3,
          "failureDetails": [],
          "failureMessages": [],
          "fullName": "ScraperService loadHtml should handle empty HTML",
          "invocations": 1,
          "location": null,
          "numPassingAsserts": 1,
          "retryReasons": [],
          "status": "passed",
          "title": "should handle empty HTML"
        },
        {
          "ancestorTitles": ["ScraperService", "getBaseUrl"],
          "duration": 3,
          "failureDetails": [],
          "failureMessages": [],
          "fullName": "ScraperService getBaseUrl should return store77.net base URL",
          "invocations": 1,
          "location": null,
          "numPassingAsserts": 1,
          "retryReasons": [],
          "status": "passed",
          "title": "should return store77.net base URL"
        },
        {
          "ancestorTitles": ["ScraperService", "parseCategoriesFromHtml"],
          "duration": 7,
          "failureDetails": [],
          "failureMessages": [],
          "fullName": "ScraperService parseCategoriesFromHtml should parse categories from HTML with catalog_menu class",
          "invocations": 1,
          "location": null,
          "numPassingAsserts": 3,
          "retryReasons": [],
          "status": "passed",
          "title": "should parse categories from HTML with catalog_menu class"
        },
        {
          "ancestorTitles": ["ScraperService", "parseCategoriesFromHtml"],
          "duration": 5,
          "failureDetails": [],
          "failureMessages": [],
          "fullName": "ScraperService parseCategoriesFromHtml should parse categories from HTML with main_menu class",
          "invocations": 1,
          "location": null,
          "numPassingAsserts": 3,
          "retryReasons": [],
          "status": "passed",
          "title": "should parse categories from HTML with main_menu class"
        },
        {
          "ancestorTitles": ["ScraperService", "parseCategoriesFromHtml"],
          "duration": 4,
          "failureDetails": [],
          "failureMessages": [],
          "fullName": "ScraperService parseCategoriesFromHtml should skip invalid links (javascript, #, login, cart)",
          "invocations": 1,
          "location": null,
          "numPassingAsserts": 2,
          "retryReasons": [],
          "status": "passed",
          "title": "should skip invalid links (javascript, #, login, cart)"
        },
        {
          "ancestorTitles": ["ScraperService", "parseCategoriesFromHtml"],
          "duration": 3,
          "failureDetails": [],
          "failureMessages": [],
          "fullName": "ScraperService parseCategoriesFromHtml should skip duplicate categories by slug",
          "invocations": 1,
          "location": null,
          "numPassingAsserts": 1,
          "retryReasons": [],
          "status": "passed",
          "title": "should skip duplicate categories by slug"
        },
        {
          "ancestorTitles": ["ScraperService", "parseCategoriesFromHtml"],
          "duration": 3,
          "failureDetails": [],
          "failureMessages": [],
          "fullName": "ScraperService parseCategoriesFromHtml should return empty array for HTML without categories",
          "invocations": 1,
          "location": null,
          "numPassingAsserts": 1,
          "retryReasons": [],
          "status": "passed",
          "title": "should return empty array for HTML without categories"
        },
        {
          "ancestorTitles": ["ScraperService", "parseCategoriesFromHtml"],
          "duration": 3,
          "failureDetails": [],
          "failureMessages": [],
          "fullName": "ScraperService parseCategoriesFromHtml should skip entries with very short names",
          "invocations": 1,
          "location": null,
          "numPassingAsserts": 2,
          "retryReasons": [],
          "status": "passed",
          "title": "should skip entries with very short names"
        },
        {
          "ancestorTitles": ["ScraperService", "parseCategoriesFromHtml"],
          "duration": 3,
          "failureDetails": [],
          "failureMessages": [],
          "fullName": "ScraperService parseCategoriesFromHtml should handle absolute URLs correctly",
          "invocations": 1,
          "location": null,
          "numPassingAsserts": 3,
          "retryReasons": [],
          "status": "passed",
          "title": "should handle absolute URLs correctly"
        },
        {
          "ancestorTitles": ["ScraperService", "saveCategories"],
          "duration": 3,
          "failureDetails": [],
          "failureMessages": [],
          "fullName": "ScraperService saveCategories should save categories to database using upsert",
          "invocations": 1,
          "location": null,
          "numPassingAsserts": 3,
          "retryReasons": [],
          "status": "passed",
          "title": "should save categories to database using upsert"
        },
        {
          "ancestorTitles": ["ScraperService", "saveCategories"],
          "duration": 5,
          "failureDetails": [],
          "failureMessages": [],
          "fullName": "ScraperService saveCategories should handle database errors gracefully",
          "invocations": 1,
          "location": null,
          "numPassingAsserts": 1,
          "retryReasons": [],
          "status": "passed",
          "title": "should handle database errors gracefully"
        },
        {
          "ancestorTitles": ["ScraperService", "saveCategories"],
          "duration": 2,
          "failureDetails": [],
          "failureMessages": [],
          "fullName": "ScraperService saveCategories should return 0 for empty categories array",
          "invocations": 1,
          "location": null,
          "numPassingAsserts": 2,
          "retryReasons": [],
          "status": "passed",
          "title": "should return 0 for empty categories array"
        }
      ],
      "endTime": 1769949911463,
      "message": "",
      "name": "C:\\Users\\User\\OneDrive\\Desktop\\Dev\\store77-price-tracker\\apps\\api\\src\\scraper\\scraper.service.spec.ts",
      "startTime": 1769949906597,
      "status": "passed",
      "summary": ""
    },
    {
      "assertionResults": [
        {
          "ancestorTitles": ["Products API Integration", "GET /products"],
          "duration": 75,
          "failureDetails": [],
          "failureMessages": [],
          "fullName": "Products API Integration GET /products should return paginated products list",
          "invocations": 1,
          "location": null,
          "numPassingAsserts": 11,
          "retryReasons": [],
          "status": "passed",
          "title": "should return paginated products list"
        },
        {
          "ancestorTitles": ["Products API Integration", "GET /products"],
          "duration": 15,
          "failureDetails": [],
          "failureMessages": [],
          "fullName": "Products API Integration GET /products should return correct pagination metadata",
          "invocations": 1,
          "location": null,
          "numPassingAsserts": 1,
          "retryReasons": [],
          "status": "passed",
          "title": "should return correct pagination metadata"
        },
        {
          "ancestorTitles": ["Products API Integration", "GET /products"],
          "duration": 13,
          "failureDetails": [],
          "failureMessages": [],
          "fullName": "Products API Integration GET /products should filter products by category",
          "invocations": 1,
          "location": null,
          "numPassingAsserts": 2,
          "retryReasons": [],
          "status": "passed",
          "title": "should filter products by category"
        },
        {
          "ancestorTitles": ["Products API Integration", "GET /products"],
          "duration": 12,
          "failureDetails": [],
          "failureMessages": [],
          "fullName": "Products API Integration GET /products should search products by name",
          "invocations": 1,
          "location": null,
          "numPassingAsserts": 1,
          "retryReasons": [],
          "status": "passed",
          "title": "should search products by name"
        },
        {
          "ancestorTitles": ["Products API Integration", "GET /products"],
          "duration": 9,
          "failureDetails": [],
          "failureMessages": [],
          "fullName": "Products API Integration GET /products should calculate USD prices correctly",
          "invocations": 1,
          "location": null,
          "numPassingAsserts": 1,
          "retryReasons": [],
          "status": "passed",
          "title": "should calculate USD prices correctly"
        },
        {
          "ancestorTitles": ["Products API Integration", "GET /products"],
          "duration": 9,
          "failureDetails": [],
          "failureMessages": [],
          "fullName": "Products API Integration GET /products should handle missing exchange rate gracefully",
          "invocations": 1,
          "location": null,
          "numPassingAsserts": 2,
          "retryReasons": [],
          "status": "passed",
          "title": "should handle missing exchange rate gracefully"
        },
        {
          "ancestorTitles": ["Products API Integration", "GET /products/:id"],
          "duration": 9,
          "failureDetails": [],
          "failureMessages": [],
          "fullName": "Products API Integration GET /products/:id should return single product by ID",
          "invocations": 1,
          "location": null,
          "numPassingAsserts": 6,
          "retryReasons": [],
          "status": "passed",
          "title": "should return single product by ID"
        },
        {
          "ancestorTitles": ["Products API Integration", "GET /products/:id"],
          "duration": 9,
          "failureDetails": [],
          "failureMessages": [],
          "fullName": "Products API Integration GET /products/:id should return 404 for non-existent product",
          "invocations": 1,
          "location": null,
          "numPassingAsserts": 1,
          "retryReasons": [],
          "status": "passed",
          "title": "should return 404 for non-existent product"
        },
        {
          "ancestorTitles": ["Products API Integration", "GET /products/:id"],
          "duration": 8,
          "failureDetails": [],
          "failureMessages": [],
          "fullName": "Products API Integration GET /products/:id should include USD price in product response",
          "invocations": 1,
          "location": null,
          "numPassingAsserts": 1,
          "retryReasons": [],
          "status": "passed",
          "title": "should include USD price in product response"
        }
      ],
      "endTime": 1769949911847,
      "message": "",
      "name": "C:\\Users\\User\\OneDrive\\Desktop\\Dev\\store77-price-tracker\\apps\\api\\src\\products\\products.integration.spec.ts",
      "startTime": 1769949906651,
      "status": "passed",
      "summary": ""
    },
    {
      "assertionResults": [
        {
          "ancestorTitles": ["Currency Integration", "fetchExchangeRate (real API)"],
          "duration": 409,
          "failureDetails": [],
          "failureMessages": [],
          "fullName": "Currency Integration fetchExchangeRate (real API) should fetch exchange rate from Grinex API",
          "invocations": 1,
          "location": null,
          "numPassingAsserts": 8,
          "retryReasons": [],
          "status": "passed",
          "title": "should fetch exchange rate from Grinex API"
        },
        {
          "ancestorTitles": ["Currency Integration", "getCurrentRate with caching"],
          "duration": 115,
          "failureDetails": [],
          "failureMessages": [],
          "fullName": "Currency Integration getCurrentRate with caching should cache the rate after fetching",
          "invocations": 1,
          "location": null,
          "numPassingAsserts": 2,
          "retryReasons": [],
          "status": "passed",
          "title": "should cache the rate after fetching"
        },
        {
          "ancestorTitles": ["Currency Integration", "getCurrentRate with caching"],
          "duration": 1,
          "failureDetails": [],
          "failureMessages": [],
          "fullName": "Currency Integration getCurrentRate with caching should return cached rate if available",
          "invocations": 1,
          "location": null,
          "numPassingAsserts": 2,
          "retryReasons": [],
          "status": "passed",
          "title": "should return cached rate if available"
        },
        {
          "ancestorTitles": ["Currency Controller Integration", "GET /currency/rate"],
          "duration": 170,
          "failureDetails": [],
          "failureMessages": [],
          "fullName": "Currency Controller Integration GET /currency/rate should return exchange rate with correct structure",
          "invocations": 1,
          "location": null,
          "numPassingAsserts": 7,
          "retryReasons": [],
          "status": "passed",
          "title": "should return exchange rate with correct structure"
        },
        {
          "ancestorTitles": ["Currency Controller Integration", "POST /currency/refresh"],
          "duration": 121,
          "failureDetails": [],
          "failureMessages": [],
          "fullName": "Currency Controller Integration POST /currency/refresh should refresh and return new exchange rate",
          "invocations": 1,
          "location": null,
          "numPassingAsserts": 3,
          "retryReasons": [],
          "status": "passed",
          "title": "should refresh and return new exchange rate"
        },
        {
          "ancestorTitles": ["Currency Controller Integration", "GET /currency/products/:id/price"],
          "duration": 136,
          "failureDetails": [],
          "failureMessages": [],
          "fullName": "Currency Controller Integration GET /currency/products/:id/price should return product price in USD",
          "invocations": 1,
          "location": null,
          "numPassingAsserts": 8,
          "retryReasons": [],
          "status": "passed",
          "title": "should return product price in USD"
        },
        {
          "ancestorTitles": ["Currency Controller Integration", "GET /currency/products/:id/price"],
          "duration": 29,
          "failureDetails": [],
          "failureMessages": [],
          "fullName": "Currency Controller Integration GET /currency/products/:id/price should return 404 for non-existent product",
          "invocations": 1,
          "location": null,
          "numPassingAsserts": 1,
          "retryReasons": [],
          "status": "passed",
          "title": "should return 404 for non-existent product"
        }
      ],
      "endTime": 1769949912048,
      "message": "",
      "name": "C:\\Users\\User\\OneDrive\\Desktop\\Dev\\store77-price-tracker\\apps\\api\\src\\currency\\currency.integration.spec.ts",
      "startTime": 1769949906656,
      "status": "passed",
      "summary": ""
    },
    {
      "assertionResults": [
        {
          "ancestorTitles": ["ScraperService Integration", "parseCategories (real browser)"],
          "duration": 8048,
          "failureDetails": [],
          "failureMessages": [],
          "fullName": "ScraperService Integration parseCategories (real browser) should fetch and parse categories from store77.net",
          "invocations": 1,
          "location": null,
          "numPassingAsserts": 5,
          "retryReasons": [],
          "status": "passed",
          "title": "should fetch and parse categories from store77.net"
        },
        {
          "ancestorTitles": [
            "ScraperService Integration",
            "parseProductsFromCategory (real browser)"
          ],
          "duration": 6382,
          "failureDetails": [],
          "failureMessages": [],
          "fullName": "ScraperService Integration parseProductsFromCategory (real browser) should fetch and parse products from a category page",
          "invocations": 1,
          "location": null,
          "numPassingAsserts": 8,
          "retryReasons": [],
          "status": "passed",
          "title": "should fetch and parse products from a category page"
        }
      ],
      "endTime": 1769949926001,
      "message": "",
      "name": "C:\\Users\\User\\OneDrive\\Desktop\\Dev\\store77-price-tracker\\apps\\api\\src\\scraper\\scraper.integration.spec.ts",
      "startTime": 1769949906639,
      "status": "passed",
      "summary": ""
    }
  ],
  "wasInterrupted": false
}
